[2025-05-06T21:21:26.123Z] INFO: Register user controller initialized
[2025-05-06T21:21:26.126Z] INFO: Register user controller
[2025-05-06T21:21:26.127Z] INFO: name
[2025-05-06T21:21:26.127Z] INFO: email
[2025-05-06T21:21:26.127Z] INFO: password
[2025-05-06T21:21:26.128Z] INFO: role
[2025-05-06T21:21:26.200Z] INFO: Hashed password
[2025-05-06T21:21:26.944Z] INFO: User created
[2025-05-06T21:21:26.944Z] INFO: Token generated
[2025-05-06T21:21:29.427Z] INFO: Register user controller initialized
[2025-05-06T21:21:29.427Z] INFO: Register user controller
[2025-05-06T21:21:29.427Z] INFO: name
[2025-05-06T21:21:29.427Z] INFO: email
[2025-05-06T21:21:29.428Z] INFO: password
[2025-05-06T21:21:29.428Z] INFO: role
[2025-05-06T21:21:29.497Z] INFO: Hashed password
[2025-05-06T21:21:36.236Z] INFO: Register user controller initialized
[2025-05-06T21:21:36.237Z] INFO: Register user controller
[2025-05-06T21:21:36.237Z] ERROR: Missing param: name
[2025-05-06T21:21:44.691Z] INFO: Register user controller initialized
[2025-05-06T21:21:44.691Z] INFO: Register user controller
[2025-05-06T21:21:44.692Z] INFO: name
[2025-05-06T21:21:44.692Z] INFO: email
[2025-05-06T21:21:44.692Z] INFO: password
[2025-05-06T21:21:44.692Z] INFO: role
[2025-05-06T21:21:44.692Z] ERROR: Invalid email format
[2025-05-06T21:21:56.346Z] INFO: Register user controller initialized
[2025-05-06T21:21:56.346Z] INFO: Register user controller
[2025-05-06T21:21:56.346Z] INFO: name
[2025-05-06T21:21:56.346Z] INFO: email
[2025-05-06T21:21:56.347Z] INFO: password
[2025-05-06T21:21:56.347Z] INFO: role
[2025-05-06T21:21:56.347Z] ERROR: Invalid email format
[2025-05-06T21:22:02.724Z] INFO: Register user controller initialized
[2025-05-06T21:22:02.724Z] INFO: Register user controller
[2025-05-06T21:22:02.724Z] INFO: name
[2025-05-06T21:22:02.725Z] INFO: email
[2025-05-06T21:22:02.725Z] INFO: password
[2025-05-06T21:22:02.725Z] INFO: role
[2025-05-06T21:22:02.725Z] ERROR: Invalid role. Role must be either "teacher" or "student"
[2025-05-06T21:22:23.774Z] INFO: Register user controller initialized
[2025-05-06T21:22:23.775Z] INFO: Register user controller
[2025-05-06T21:22:23.775Z] ERROR: Missing param: password
[2025-05-06T21:22:32.895Z] INFO: Register user controller initialized
[2025-05-06T21:22:32.895Z] INFO: Register user controller
[2025-05-06T21:22:32.895Z] INFO: name
[2025-05-06T21:22:32.895Z] INFO: email
[2025-05-06T21:22:32.896Z] INFO: password
[2025-05-06T21:22:32.896Z] INFO: role
[2025-05-06T21:22:32.965Z] INFO: Hashed password
[2025-05-06T21:22:33.040Z] INFO: User created
[2025-05-06T21:22:33.040Z] INFO: Token generated
[2025-05-06T21:29:39.848Z] INFO: server on!!! running on port 8080
[2025-05-06T21:30:02.031Z] INFO: connected successfully to db
[2025-05-06T21:30:02.038Z] INFO: server on!!! running on port 8080
[2025-05-06T21:35:24.286Z] INFO: connected successfully to db
[2025-05-06T21:35:24.293Z] INFO: server on!!! running on port 8080
[2025-05-06T21:35:46.700Z] INFO: connected successfully to db
[2025-05-06T21:35:46.707Z] INFO: server on!!! running on port 8080
[2025-05-06T21:36:02.582Z] INFO: connected successfully to db
[2025-05-06T21:36:02.593Z] INFO: server on!!! running on port 8080
[2025-05-06T21:36:13.306Z] INFO: connected successfully to db
[2025-05-06T21:36:13.316Z] INFO: server on!!! running on port 8080
[2025-05-06T21:36:36.885Z] INFO: connected successfully to db
[2025-05-06T21:36:36.894Z] INFO: server on!!! running on port 8080
[2025-05-06T21:37:03.945Z] INFO: connected successfully to db
[2025-05-06T21:37:03.952Z] INFO: server on!!! running on port 8080
[2025-05-06T21:37:11.776Z] INFO: connected successfully to db
[2025-05-06T21:37:11.783Z] INFO: server on!!! running on port 8080
[2025-05-06T21:37:33.915Z] INFO: connected successfully to db
[2025-05-06T21:37:33.923Z] INFO: server on!!! running on port 8080
[2025-05-06T21:37:45.525Z] INFO: connected successfully to db
[2025-05-06T21:37:45.532Z] INFO: server on!!! running on port 8080
[2025-05-06T21:37:49.473Z] INFO: connected successfully to db
[2025-05-06T21:37:49.480Z] INFO: server on!!! running on port 8080
[2025-05-06T21:37:55.752Z] INFO: connected successfully to db
[2025-05-06T21:37:55.760Z] INFO: server on!!! running on port 8080
[2025-05-06T21:38:02.389Z] INFO: connected successfully to db
[2025-05-06T21:38:02.396Z] INFO: server on!!! running on port 8080
[2025-05-06T21:38:28.796Z] INFO: connected successfully to db
[2025-05-06T21:38:28.806Z] INFO: server on!!! running on port 8080
[2025-05-06T21:38:40.406Z] INFO: connected successfully to db
[2025-05-06T21:38:40.415Z] INFO: server on!!! running on port 8080
[2025-05-06T21:39:03.502Z] INFO: connected successfully to db
[2025-05-06T21:39:03.510Z] INFO: server on!!! running on port 8080
[2025-05-06T21:39:13.808Z] INFO: connected successfully to db
[2025-05-06T21:39:13.816Z] INFO: server on!!! running on port 8080
[2025-05-06T21:39:27.882Z] INFO: connected successfully to db
[2025-05-06T21:39:27.889Z] INFO: server on!!! running on port 8080
[2025-05-06T21:39:35.167Z] INFO: connected successfully to db
[2025-05-06T21:39:35.175Z] INFO: server on!!! running on port 8080
[2025-05-06T21:40:11.778Z] INFO: connected successfully to db
[2025-05-06T21:40:11.785Z] INFO: server on!!! running on port 8080
[2025-05-06T21:41:49.234Z] INFO: connected successfully to db
[2025-05-06T21:41:49.241Z] INFO: server on!!! running on port 8080
[2025-05-06T21:42:02.673Z] INFO: connected successfully to db
[2025-05-06T21:42:02.682Z] INFO: server on!!! running on port 8080
[2025-05-06T21:43:11.821Z] INFO: Register user controller initialized
[2025-05-06T21:43:11.822Z] INFO: Register user controller
[2025-05-06T21:43:11.823Z] INFO: name
[2025-05-06T21:43:11.823Z] INFO: email
[2025-05-06T21:43:11.824Z] INFO: password
[2025-05-06T21:43:11.824Z] INFO: role
[2025-05-06T21:43:11.901Z] INFO: Hashed password
[2025-05-06T21:43:11.902Z] INFO: Role to lower case
[2025-05-06T21:43:11.902Z] INFO: getCoursesRepository start
[2025-05-06T21:43:12.461Z] INFO: User created successfully:
[2025-05-06T21:43:12.482Z] INFO: generating token....
[2025-05-06T21:43:12.485Z] INFO: User created
[2025-05-06T21:43:12.485Z] INFO: Token generated
[2025-05-06T21:43:12.488Z] INFO: Response from post user:
[2025-05-06T21:44:30.657Z] INFO: connected successfully to db
[2025-05-06T21:44:30.664Z] INFO: server on!!! running on port 8080
[2025-05-06T21:44:58.438Z] INFO: connected successfully to db
[2025-05-06T21:44:58.445Z] INFO: server on!!! running on port 8080
[2025-05-06T21:45:03.094Z] INFO: Get users controller called
[2025-05-06T21:45:03.094Z] INFO: getUsersRepository start
[2025-05-06T21:45:03.789Z] INFO: Get users successfully
[2025-05-06T21:45:03.793Z] INFO: Response from get users:
[2025-05-06T21:45:22.186Z] INFO: Get courses controller called
[2025-05-06T21:45:22.187Z] INFO: getCoursesRepository start
[2025-05-06T21:45:22.205Z] INFO: Get courses successfully
[2025-05-06T21:45:22.207Z] INFO: Response from get courses:
[2025-05-06T23:42:19.236Z] INFO: connected successfully to db
[2025-05-06T23:42:19.243Z] INFO: server on!!! running on port 8080
[2025-05-06T23:49:09.492Z] INFO: connected successfully to db
[2025-05-06T23:49:09.501Z] INFO: server on!!! running on port 8080
[2025-05-06T23:50:33.549Z] INFO: Register user controller initialized
[2025-05-06T23:50:33.550Z] INFO: Register user controller body:
[2025-05-06T23:50:33.550Z] INFO: name
[2025-05-06T23:50:33.551Z] INFO: email
[2025-05-06T23:50:33.551Z] INFO: password
[2025-05-06T23:50:33.551Z] INFO: role
[2025-05-06T23:50:33.622Z] INFO: Hashed password
[2025-05-06T23:50:33.623Z] INFO: Role to lower case
[2025-05-06T23:50:33.623Z] INFO: getCoursesRepository start
[2025-05-06T23:50:34.473Z] ERROR: User already exists with this email:
[2025-05-06T23:50:34.475Z] INFO: Response from post user:
[2025-05-06T23:51:39.637Z] INFO: connected successfully to db
[2025-05-06T23:51:39.644Z] INFO: server on!!! running on port 8080
[2025-05-06T23:51:56.936Z] INFO: Register user controller initialized
[2025-05-06T23:51:56.937Z] INFO: Register user controller body:
[2025-05-06T23:51:56.937Z] INFO: name
[2025-05-06T23:51:56.938Z] INFO: email
[2025-05-06T23:51:56.938Z] INFO: password
[2025-05-06T23:51:56.939Z] INFO: role
[2025-05-06T23:51:57.009Z] INFO: Hashed password
[2025-05-06T23:51:57.010Z] INFO: Role to lower case
[2025-05-06T23:51:57.011Z] INFO: getCoursesRepository start
[2025-05-06T23:51:57.515Z] ERROR: User already exists with this email:
[2025-05-06T23:51:57.519Z] INFO: Response from post user:
[2025-05-06T23:52:21.191Z] INFO: Register user controller initialized
[2025-05-06T23:52:21.191Z] INFO: Register user controller body:
[2025-05-06T23:52:21.192Z] INFO: name
[2025-05-06T23:52:21.192Z] INFO: email
[2025-05-06T23:52:21.192Z] INFO: password
[2025-05-06T23:52:21.192Z] INFO: role
[2025-05-06T23:52:21.264Z] INFO: Hashed password
[2025-05-06T23:52:21.265Z] INFO: Role to lower case
[2025-05-06T23:52:21.265Z] INFO: getCoursesRepository start
[2025-05-06T23:52:21.310Z] INFO: User created successfully:
[2025-05-06T23:52:21.327Z] INFO: generating token....
[2025-05-06T23:52:21.330Z] INFO: User created
[2025-05-06T23:52:21.330Z] INFO: Token generated
[2025-05-06T23:52:21.331Z] INFO: Response from post user:
[2025-05-06T23:52:49.947Z] INFO: connected successfully to db
[2025-05-06T23:52:49.955Z] INFO: server on!!! running on port 8080
[2025-05-07T01:11:45.924Z] INFO: connected successfully to db
[2025-05-07T01:11:45.934Z] INFO: server on!!! running on port 8080
[2025-05-07T01:11:53.160Z] INFO: Register user controller initialized
[2025-05-07T01:11:53.161Z] INFO: Register user controller body:
[2025-05-07T01:11:53.162Z] INFO: name
[2025-05-07T01:11:53.162Z] INFO: email
[2025-05-07T01:11:53.162Z] INFO: password
[2025-05-07T01:11:53.162Z] INFO: role
[2025-05-07T01:11:53.238Z] INFO: Hashed password
[2025-05-07T01:11:53.239Z] INFO: Role to lower case
[2025-05-07T01:11:53.239Z] INFO: getCoursesRepository start
[2025-05-07T01:11:54.143Z] INFO: User created successfully:
[2025-05-07T01:11:54.167Z] INFO: generating token....
[2025-05-07T01:11:54.170Z] INFO: User created
[2025-05-07T01:11:54.170Z] INFO: Token generated
[2025-05-07T01:11:54.173Z] INFO: Response from post user:
[2025-05-07T01:14:24.597Z] INFO: Get users controller called
[2025-05-07T01:14:24.598Z] INFO: getUsersRepository start
[2025-05-07T01:14:24.620Z] INFO: Get users successfully
[2025-05-07T01:14:24.621Z] INFO: Response from get users:
[2025-05-07T01:15:59.883Z] INFO: connected successfully to db
[2025-05-07T01:15:59.891Z] INFO: server on!!! running on port 8080
[2025-05-07T01:17:01.591Z] INFO: connected successfully to db
[2025-05-07T01:17:01.598Z] INFO: server on!!! running on port 8080
[2025-05-07T01:18:15.077Z] INFO: connected successfully to db
[2025-05-07T01:18:15.085Z] INFO: server on!!! running on port 8080
[2025-05-07T01:18:58.752Z] INFO: connected successfully to db
[2025-05-07T01:18:58.762Z] INFO: server on!!! running on port 8080
[2025-05-09T13:52:09.764Z] INFO: connected successfully to db
[2025-05-09T13:52:09.769Z] INFO: server on!!! running on port 8080
[2025-05-09T13:52:25.377Z] INFO: connected successfully to db
[2025-05-09T13:52:25.381Z] INFO: server on!!! running on port 8080
[2025-05-09T13:52:28.381Z] INFO: connected successfully to db
[2025-05-09T13:52:28.385Z] INFO: server on!!! running on port 8080
[2025-05-09T13:52:30.424Z] INFO: Get users controller called
[2025-05-09T13:52:30.425Z] INFO: getUsersRepository start
[2025-05-09T13:52:31.926Z] INFO: Get users successfully
[2025-05-09T13:52:31.930Z] INFO: Response from get users:
[2025-05-09T13:54:45.427Z] INFO: Get user by id controller called
[2025-05-09T13:54:45.428Z] INFO: id:
[2025-05-09T13:54:45.429Z] INFO: getUserByIdRepository start
[2025-05-09T13:54:45.430Z] INFO: user:
[2025-05-09T13:55:53.496Z] INFO: connected successfully to db
[2025-05-09T13:55:53.500Z] INFO: server on!!! running on port 8080
[2025-05-09T13:55:55.270Z] INFO: connected successfully to db
[2025-05-09T13:55:55.274Z] INFO: server on!!! running on port 8080
[2025-05-09T13:56:05.970Z] INFO: connected successfully to db
[2025-05-09T13:56:05.975Z] INFO: server on!!! running on port 8080
[2025-05-09T13:56:10.463Z] INFO: Get user by id controller called
[2025-05-09T13:56:10.464Z] INFO: id:
[2025-05-09T13:56:10.464Z] INFO: getUserByIdRepository start
[2025-05-09T13:56:10.467Z] INFO: user:
[2025-05-09T13:56:56.789Z] INFO: connected successfully to db
[2025-05-09T13:56:56.793Z] INFO: server on!!! running on port 8080
[2025-05-09T13:56:58.510Z] INFO: connected successfully to db
[2025-05-09T13:56:58.514Z] INFO: server on!!! running on port 8080
[2025-05-09T13:57:01.435Z] INFO: connected successfully to db
[2025-05-09T13:57:01.439Z] INFO: server on!!! running on port 8080
[2025-05-09T13:59:34.317Z] INFO: connected successfully to db
[2025-05-09T13:59:34.323Z] INFO: server on!!! running on port 8080
[2025-05-09T14:01:08.036Z] INFO: connected successfully to db
[2025-05-09T14:01:08.040Z] INFO: server on!!! running on port 8080
[2025-05-09T14:01:12.962Z] INFO: Get user by id controller called
[2025-05-09T14:01:12.963Z] INFO: id:
[2025-05-09T14:01:12.963Z] INFO: getUserByIdRepository start
[2025-05-09T14:01:12.966Z] INFO: user:
[2025-05-09T14:01:14.306Z] INFO: Get user by id controller called
[2025-05-09T14:01:14.307Z] INFO: id:
[2025-05-09T14:01:14.307Z] INFO: getUserByIdRepository start
[2025-05-09T14:01:14.308Z] INFO: user:
[2025-05-09T14:01:15.511Z] INFO: Get user by id controller called
[2025-05-09T14:01:15.511Z] INFO: id:
[2025-05-09T14:01:15.511Z] INFO: getUserByIdRepository start
[2025-05-09T14:01:15.512Z] INFO: user:
[2025-05-09T14:01:17.899Z] INFO: Get users controller called
[2025-05-09T14:01:17.900Z] INFO: getUsersRepository start
[2025-05-09T14:01:17.930Z] INFO: Get users successfully
[2025-05-09T14:01:17.931Z] INFO: Response from get users:
[2025-05-09T14:02:11.540Z] INFO: Register user controller initialized
[2025-05-09T14:02:11.541Z] INFO: Register user controller body:
[2025-05-09T14:02:11.542Z] INFO: name
[2025-05-09T14:02:11.542Z] INFO: email
[2025-05-09T14:02:11.542Z] INFO: password
[2025-05-09T14:02:11.543Z] INFO: role
[2025-05-09T14:02:11.599Z] INFO: Hashed password
[2025-05-09T14:02:11.600Z] INFO: Role to lower case
[2025-05-09T14:02:11.601Z] INFO: getCoursesRepository start
[2025-05-09T14:02:11.660Z] INFO: User created successfully:
[2025-05-09T14:02:11.686Z] INFO: generating token....
[2025-05-09T14:02:11.690Z] INFO: User created
[2025-05-09T14:02:11.691Z] INFO: Token generated
[2025-05-09T14:02:11.692Z] INFO: Response from post user:
[2025-05-09T14:04:23.916Z] INFO: Get user by id controller called
[2025-05-09T14:04:23.917Z] INFO: id:
[2025-05-09T14:04:23.917Z] INFO: getUserByIdRepository start
[2025-05-09T14:04:23.918Z] INFO: user:
[2025-05-09T14:39:40.516Z] INFO: Get user by id controller called
[2025-05-09T14:39:40.517Z] INFO: id:
[2025-05-09T14:39:40.517Z] INFO: getUserByIdRepository start
[2025-05-09T14:39:40.517Z] INFO: user:
[2025-05-09T14:39:41.480Z] INFO: Get user by id controller called
[2025-05-09T14:39:41.481Z] INFO: id:
[2025-05-09T14:39:41.481Z] INFO: getUserByIdRepository start
[2025-05-09T14:39:41.482Z] INFO: user:
[2025-05-09T14:39:42.599Z] INFO: Get user by id controller called
[2025-05-09T14:39:42.599Z] INFO: id:
[2025-05-09T14:39:42.599Z] INFO: getUserByIdRepository start
[2025-05-09T14:39:42.600Z] INFO: user:
[2025-05-09T14:39:51.839Z] INFO: connected successfully to db
[2025-05-09T14:39:51.843Z] INFO: server on!!! running on port 8080
[2025-05-09T14:39:53.823Z] INFO: Get user by id controller called
[2025-05-09T14:39:53.824Z] INFO: id:
[2025-05-09T14:39:53.825Z] INFO: getUserByIdRepository start
[2025-05-09T14:39:54.368Z] INFO: user:
[2025-05-09T14:40:18.301Z] INFO: connected successfully to db
[2025-05-09T14:40:18.306Z] INFO: server on!!! running on port 8080
[2025-05-09T14:42:41.421Z] INFO: connected successfully to db
[2025-05-09T14:42:41.426Z] INFO: server on!!! running on port 8080
[2025-05-09T14:42:49.897Z] INFO: connected successfully to db
[2025-05-09T14:42:49.902Z] INFO: server on!!! running on port 8080
[2025-05-09T14:42:53.901Z] INFO: connected successfully to db
[2025-05-09T14:42:53.905Z] INFO: server on!!! running on port 8080
[2025-05-09T14:42:59.656Z] INFO: connected successfully to db
[2025-05-09T14:42:59.661Z] INFO: server on!!! running on port 8080
[2025-05-09T14:43:02.451Z] INFO: connected successfully to db
[2025-05-09T14:43:02.456Z] INFO: server on!!! running on port 8080
[2025-05-09T14:43:11.458Z] INFO: connected successfully to db
[2025-05-09T14:43:11.462Z] INFO: server on!!! running on port 8080
[2025-05-09T14:43:20.605Z] INFO: connected successfully to db
[2025-05-09T14:43:20.610Z] INFO: server on!!! running on port 8080
[2025-05-09T14:43:23.486Z] INFO: connected successfully to db
[2025-05-09T14:43:23.490Z] INFO: server on!!! running on port 8080
[2025-05-09T14:43:28.473Z] INFO: connected successfully to db
[2025-05-09T14:43:28.478Z] INFO: server on!!! running on port 8080
[2025-05-09T14:43:32.304Z] INFO: connected successfully to db
[2025-05-09T14:43:32.309Z] INFO: server on!!! running on port 8080
[2025-05-09T14:43:36.519Z] INFO: connected successfully to db
[2025-05-09T14:43:36.524Z] INFO: server on!!! running on port 8080
[2025-05-09T14:43:44.484Z] INFO: connected successfully to db
[2025-05-09T14:43:44.489Z] INFO: server on!!! running on port 8080
[2025-05-09T14:43:46.151Z] INFO: connected successfully to db
[2025-05-09T14:43:46.155Z] INFO: server on!!! running on port 8080
[2025-05-09T14:43:49.114Z] INFO: connected successfully to db
[2025-05-09T14:43:49.118Z] INFO: server on!!! running on port 8080
[2025-05-09T14:43:55.625Z] INFO: connected successfully to db
[2025-05-09T14:43:55.630Z] INFO: server on!!! running on port 8080
[2025-05-09T14:43:58.868Z] INFO: connected successfully to db
[2025-05-09T14:43:58.873Z] INFO: server on!!! running on port 8080
[2025-05-09T14:44:05.568Z] INFO: connected successfully to db
[2025-05-09T14:44:05.573Z] INFO: server on!!! running on port 8080
[2025-05-09T14:44:08.104Z] INFO: connected successfully to db
[2025-05-09T14:44:08.108Z] INFO: server on!!! running on port 8080
[2025-05-09T14:44:17.681Z] INFO: connected successfully to db
[2025-05-09T14:44:17.685Z] INFO: server on!!! running on port 8080
[2025-05-09T14:44:20.475Z] INFO: connected successfully to db
[2025-05-09T14:44:20.479Z] INFO: server on!!! running on port 8080
[2025-05-09T14:44:41.022Z] INFO: connected successfully to db
[2025-05-09T14:44:41.026Z] INFO: server on!!! running on port 8080
[2025-05-09T14:44:47.262Z] INFO: connected successfully to db
[2025-05-09T14:44:47.267Z] INFO: server on!!! running on port 8080
[2025-05-09T14:45:46.876Z] INFO: connected successfully to db
[2025-05-09T14:45:46.881Z] INFO: server on!!! running on port 8080
[2025-05-09T14:45:58.798Z] INFO: connected successfully to db
[2025-05-09T14:45:58.803Z] INFO: server on!!! running on port 8080
[2025-05-09T14:46:03.355Z] INFO: connected successfully to db
[2025-05-09T14:46:03.359Z] INFO: server on!!! running on port 8080
[2025-05-09T14:46:11.111Z] INFO: connected successfully to db
[2025-05-09T14:46:11.116Z] INFO: server on!!! running on port 8080
[2025-05-09T14:46:58.980Z] INFO: connected successfully to db
[2025-05-09T14:46:58.985Z] INFO: server on!!! running on port 8080
[2025-05-09T14:47:05.991Z] INFO: connected successfully to db
[2025-05-09T14:47:05.997Z] INFO: server on!!! running on port 8080
[2025-05-09T14:47:09.546Z] INFO: connected successfully to db
[2025-05-09T14:47:09.551Z] INFO: server on!!! running on port 8080
[2025-05-09T14:47:14.345Z] INFO: connected successfully to db
[2025-05-09T14:47:14.349Z] INFO: server on!!! running on port 8080
[2025-05-09T14:47:19.764Z] INFO: connected successfully to db
[2025-05-09T14:47:19.769Z] INFO: server on!!! running on port 8080
[2025-05-09T14:47:59.794Z] INFO: connected successfully to db
[2025-05-09T14:47:59.798Z] INFO: server on!!! running on port 8080
[2025-05-09T14:48:07.797Z] INFO: connected successfully to db
[2025-05-09T14:48:07.801Z] INFO: server on!!! running on port 8080
[2025-05-09T14:48:13.457Z] INFO: connected successfully to db
[2025-05-09T14:48:13.461Z] INFO: server on!!! running on port 8080
[2025-05-09T14:48:16.999Z] INFO: connected successfully to db
[2025-05-09T14:48:17.004Z] INFO: server on!!! running on port 8080
[2025-05-09T14:48:24.658Z] INFO: connected successfully to db
[2025-05-09T14:48:24.663Z] INFO: server on!!! running on port 8080
[2025-05-09T14:48:30.460Z] INFO: connected successfully to db
[2025-05-09T14:48:30.465Z] INFO: server on!!! running on port 8080
[2025-05-09T14:48:42.450Z] INFO: connected successfully to db
[2025-05-09T14:48:42.455Z] INFO: server on!!! running on port 8080
[2025-05-09T14:49:02.478Z] INFO: connected successfully to db
[2025-05-09T14:49:02.482Z] INFO: server on!!! running on port 8080
[2025-05-09T14:49:32.906Z] INFO: connected successfully to db
[2025-05-09T14:49:32.912Z] INFO: server on!!! running on port 8080
[2025-05-09T14:49:36.333Z] INFO: connected successfully to db
[2025-05-09T14:49:36.338Z] INFO: server on!!! running on port 8080
[2025-05-09T14:49:54.938Z] INFO: connected successfully to db
[2025-05-09T14:49:54.942Z] INFO: server on!!! running on port 8080
[2025-05-09T14:49:59.440Z] INFO: connected successfully to db
[2025-05-09T14:49:59.444Z] INFO: server on!!! running on port 8080
[2025-05-09T23:33:42.900Z] INFO: connected successfully to db
[2025-05-09T23:33:42.914Z] INFO: server on!!! running on port 8080
[2025-05-09T23:34:33.035Z] INFO: connected successfully to db
[2025-05-09T23:34:33.045Z] INFO: server on!!! running on port 8080
[2025-05-09T23:34:42.727Z] INFO: connected successfully to db
[2025-05-09T23:34:42.736Z] INFO: server on!!! running on port 8080
[2025-05-09T23:34:53.582Z] INFO: connected successfully to db
[2025-05-09T23:34:53.591Z] INFO: server on!!! running on port 8080
[2025-05-09T23:35:04.430Z] INFO: connected successfully to db
[2025-05-09T23:35:04.439Z] INFO: server on!!! running on port 8080
[2025-05-09T23:35:21.249Z] INFO: connected successfully to db
[2025-05-09T23:35:21.257Z] INFO: server on!!! running on port 8080
[2025-05-09T23:35:37.519Z] INFO: connected successfully to db
[2025-05-09T23:35:37.537Z] INFO: server on!!! running on port 8080
[2025-05-09T23:35:48.623Z] INFO: connected successfully to db
[2025-05-09T23:35:48.634Z] INFO: server on!!! running on port 8080
[2025-05-09T23:35:53.593Z] INFO: connected successfully to db
[2025-05-09T23:35:53.602Z] INFO: server on!!! running on port 8080
[2025-05-09T23:35:58.048Z] INFO: connected successfully to db
[2025-05-09T23:35:58.056Z] INFO: server on!!! running on port 8080
[2025-05-09T23:36:08.876Z] INFO: connected successfully to db
[2025-05-09T23:36:08.884Z] INFO: server on!!! running on port 8080
[2025-05-09T23:36:29.639Z] INFO: connected successfully to db
[2025-05-09T23:36:29.648Z] INFO: server on!!! running on port 8080
[2025-05-09T23:36:41.474Z] INFO: connected successfully to db
[2025-05-09T23:36:41.484Z] INFO: server on!!! running on port 8080
[2025-05-09T23:37:12.447Z] INFO: connected successfully to db
[2025-05-09T23:37:12.456Z] INFO: server on!!! running on port 8080
[2025-05-09T23:37:25.258Z] INFO: connected successfully to db
[2025-05-09T23:37:25.266Z] INFO: server on!!! running on port 8080
[2025-05-09T23:37:40.430Z] INFO: connected successfully to db
[2025-05-09T23:37:40.438Z] INFO: server on!!! running on port 8080
[2025-05-09T23:37:50.022Z] INFO: connected successfully to db
[2025-05-09T23:37:50.031Z] INFO: server on!!! running on port 8080
[2025-05-09T23:37:55.500Z] INFO: connected successfully to db
[2025-05-09T23:37:55.509Z] INFO: server on!!! running on port 8080
[2025-05-09T23:37:59.458Z] INFO: connected successfully to db
[2025-05-09T23:37:59.467Z] INFO: server on!!! running on port 8080
[2025-05-09T23:38:08.555Z] INFO: connected successfully to db
[2025-05-09T23:38:08.565Z] INFO: server on!!! running on port 8080
[2025-05-09T23:38:35.281Z] INFO: connected successfully to db
[2025-05-09T23:38:35.290Z] INFO: server on!!! running on port 8080
[2025-05-09T23:38:42.898Z] INFO: connected successfully to db
[2025-05-09T23:38:42.907Z] INFO: server on!!! running on port 8080
[2025-05-09T23:38:57.342Z] INFO: connected successfully to db
[2025-05-09T23:38:57.354Z] INFO: server on!!! running on port 8080
[2025-05-09T23:39:01.095Z] INFO: connected successfully to db
[2025-05-09T23:39:01.107Z] INFO: server on!!! running on port 8080
[2025-05-09T23:39:08.933Z] INFO: connected successfully to db
[2025-05-09T23:39:08.942Z] INFO: server on!!! running on port 8080
[2025-05-09T23:39:16.810Z] INFO: connected successfully to db
[2025-05-09T23:39:16.819Z] INFO: server on!!! running on port 8080
[2025-05-09T23:39:27.448Z] INFO: connected successfully to db
[2025-05-09T23:39:27.457Z] INFO: server on!!! running on port 8080
[2025-05-09T23:39:43.932Z] INFO: connected successfully to db
[2025-05-09T23:39:43.941Z] INFO: server on!!! running on port 8080
[2025-05-09T23:39:51.591Z] INFO: connected successfully to db
[2025-05-09T23:39:51.599Z] INFO: server on!!! running on port 8080
[2025-05-09T23:39:55.656Z] INFO: connected successfully to db
[2025-05-09T23:39:55.666Z] INFO: server on!!! running on port 8080
[2025-05-13T21:51:35.828Z] INFO: connected successfully to db
[2025-05-13T21:51:35.837Z] INFO: server on!!! running on port 8080
[2025-05-13T21:52:05.545Z] INFO: connected successfully to db
[2025-05-13T21:52:05.554Z] INFO: server on!!! running on port 8080
[2025-05-13T21:52:07.375Z] INFO: Get users controller called
[2025-05-13T21:52:07.376Z] INFO: getUsersRepository start
[2025-05-13T21:52:08.212Z] INFO: Get users successfully
[2025-05-13T21:52:08.216Z] INFO: Response from get users:
[2025-05-13T21:52:15.504Z] INFO: Get user by id controller called
[2025-05-13T21:52:15.504Z] INFO: id:
[2025-05-13T21:52:15.505Z] INFO: getUserByIdRepository start
[2025-05-13T21:52:15.528Z] INFO: user:
[2025-05-13T21:52:37.589Z] INFO: Register user controller initialized
[2025-05-13T21:52:37.590Z] INFO: Register user controller body:
[2025-05-13T21:52:37.590Z] INFO: name
[2025-05-13T21:52:37.590Z] INFO: email
[2025-05-13T21:52:37.590Z] INFO: password
[2025-05-13T21:52:37.590Z] INFO: role
[2025-05-13T21:52:37.663Z] INFO: Hashed password
[2025-05-13T21:52:37.663Z] INFO: Role to lower case
[2025-05-13T21:52:37.664Z] INFO: getCoursesRepository start
[2025-05-13T21:52:37.713Z] INFO: User created successfully:
[2025-05-13T21:52:37.733Z] INFO: generating token....
[2025-05-13T21:52:37.737Z] INFO: User created
[2025-05-13T21:52:37.737Z] INFO: Token generated
[2025-05-13T21:52:37.738Z] INFO: Response from post user:
[2025-05-13T21:53:18.669Z] INFO: LoginRepository start
[2025-05-13T21:53:18.690Z] INFO: login don sucessfully
[2025-05-13T21:53:18.691Z] INFO: generating token....
[2025-05-13T21:54:22.743Z] INFO: connected successfully to db
[2025-05-13T21:54:22.752Z] INFO: server on!!! running on port 8080
[2025-05-13T21:54:56.733Z] INFO: connected successfully to db
[2025-05-13T21:54:56.770Z] INFO: server on!!! running on port 8080
[2025-05-13T21:55:11.256Z] INFO: Register user controller initialized
[2025-05-13T21:55:11.257Z] INFO: Register user controller body:
[2025-05-13T21:55:11.257Z] INFO: name
[2025-05-13T21:55:11.258Z] INFO: email
[2025-05-13T21:55:11.258Z] INFO: password
[2025-05-13T21:55:11.258Z] INFO: role
[2025-05-13T21:55:11.330Z] INFO: Hashed password
[2025-05-13T21:55:11.331Z] INFO: Role to lower case
[2025-05-13T21:55:11.331Z] INFO: getCoursesRepository start
[2025-05-13T21:55:12.069Z] ERROR: getCoursesRepository error: user already exists with this email:
[2025-05-13T21:55:12.073Z] INFO: Response from post user:
[2025-05-13T21:55:48.251Z] INFO: connected successfully to db
[2025-05-13T21:55:48.259Z] INFO: server on!!! running on port 8080
[2025-05-13T21:55:59.584Z] INFO: connected successfully to db
[2025-05-13T21:55:59.592Z] INFO: server on!!! running on port 8080
[2025-05-13T22:02:42.172Z] INFO: connected successfully to db
[2025-05-13T22:02:42.180Z] INFO: server on!!! running on port 8080
[2025-05-13T22:03:03.367Z] INFO: connected successfully to db
[2025-05-13T22:03:03.375Z] INFO: server on!!! running on port 8080
[2025-05-13T22:03:27.470Z] INFO: connected successfully to db
[2025-05-13T22:03:27.477Z] INFO: server on!!! running on port 8080
[2025-05-13T22:03:48.055Z] INFO: connected successfully to db
[2025-05-13T22:03:48.063Z] INFO: server on!!! running on port 8080
[2025-05-13T22:03:52.708Z] INFO: connected successfully to db
[2025-05-13T22:03:52.721Z] INFO: server on!!! running on port 8080
[2025-05-13T22:04:06.931Z] INFO: Register user controller initialized
[2025-05-13T22:04:06.932Z] INFO: Register user controller body:
[2025-05-13T22:04:06.932Z] INFO: name
[2025-05-13T22:04:06.932Z] INFO: email
[2025-05-13T22:04:06.933Z] INFO: password
[2025-05-13T22:04:06.933Z] INFO: role
[2025-05-13T22:04:07.004Z] INFO: Hashed password
[2025-05-13T22:04:07.004Z] INFO: Role to lower case
[2025-05-13T22:04:07.005Z] INFO: getCoursesRepository start
[2025-05-13T22:04:07.695Z] INFO: User created successfully:
[2025-05-13T22:04:07.715Z] INFO: generating token....
[2025-05-13T22:04:07.718Z] INFO: User created
[2025-05-13T22:04:07.719Z] INFO: Token generated
[2025-05-13T22:04:07.723Z] INFO: Response from post user:
[2025-05-13T22:04:36.638Z] INFO: Get users controller called
[2025-05-13T22:04:36.639Z] INFO: getUsersRepository start
[2025-05-13T22:04:36.660Z] INFO: Get users successfully
[2025-05-13T22:04:36.661Z] INFO: Response from get users:
[2025-05-13T22:04:42.006Z] INFO: Get users controller called
[2025-05-13T22:04:42.006Z] INFO: getUsersRepository start
[2025-05-13T22:04:42.026Z] INFO: Get users successfully
[2025-05-13T22:04:42.027Z] INFO: Response from get users:
[2025-05-13T22:04:43.188Z] INFO: Get users controller called
[2025-05-13T22:04:43.188Z] INFO: getUsersRepository start
[2025-05-13T22:04:43.207Z] INFO: Get users successfully
[2025-05-13T22:04:43.208Z] INFO: Response from get users:
[2025-05-13T22:04:47.907Z] INFO: Get users controller called
[2025-05-13T22:04:47.907Z] INFO: getUsersRepository start
[2025-05-13T22:04:47.927Z] INFO: Get users successfully
[2025-05-13T22:04:47.928Z] INFO: Response from get users:
[2025-05-13T22:05:02.081Z] INFO: connected successfully to db
[2025-05-13T22:05:02.091Z] INFO: server on!!! running on port 8080
[2025-05-13T22:07:08.715Z] INFO: connected successfully to db
[2025-05-13T22:07:08.724Z] INFO: server on!!! running on port 8080
